GAS LISTING /tmp/cc9zQTSy.s 			page 1


   1               		.file	"lab4.c"
   2               	__SREG__ = 0x3f
   3               	__SP_H__ = 0x3e
   4               	__SP_L__ = 0x3d
   5               	__CCP__  = 0x34
   6               	__tmp_reg__ = 0
   7               	__zero_reg__ = 1
   8               		.global __do_copy_data
   9               		.global __do_clear_bss
  10               		.text
  11               	.global	tcnt0_init
  12               		.type	tcnt0_init, @function
  13               	tcnt0_init:
  14               	/* prologue: function */
  15               	/* frame size = 0 */
  16 0000 80B7      		in r24,80-32
  17 0002 8860      		ori r24,lo8(8)
  18 0004 80BF      		out 80-32,r24
  19 0006 87B7      		in r24,87-32
  20 0008 8160      		ori r24,lo8(1)
  21 000a 87BF      		out 87-32,r24
  22 000c 83B7      		in r24,83-32
  23 000e 8160      		ori r24,lo8(1)
  24 0010 83BF      		out 83-32,r24
  25               	/* epilogue start */
  26 0012 0895      		ret
  27               		.size	tcnt0_init, .-tcnt0_init
  28               	.global	tcnt2_init
  29               		.type	tcnt2_init, @function
  30               	tcnt2_init:
  31               	/* prologue: function */
  32               	/* frame size = 0 */
  33 0014 85B5      		in r24,69-32
  34 0016 8966      		ori r24,lo8(105)
  35 0018 85BD      		out 69-32,r24
  36 001a 13BC      		out 67-32,__zero_reg__
  37               	/* epilogue start */
  38 001c 0895      		ret
  39               		.size	tcnt2_init, .-tcnt2_init
  40               	.global	spi_init
  41               		.type	spi_init, @function
  42               	spi_init:
  43               	/* prologue: function */
  44               	/* frame size = 0 */
  45 001e 8DB1      		in r24,45-32
  46 0020 8065      		ori r24,lo8(80)
  47 0022 8DB9      		out 45-32,r24
  48 0024 709A      		sbi 46-32,0
  49               	/* epilogue start */
  50 0026 0895      		ret
  51               		.size	spi_init, .-spi_init
  52               	.global	adc_init
  53               		.type	adc_init, @function
  54               	adc_init:
  55               	/* prologue: function */
  56               	/* frame size = 0 */
  57 0028 3E9A      		sbi 39-32,6
GAS LISTING /tmp/cc9zQTSy.s 			page 2


  58 002a 86B1      		in r24,38-32
  59 002c 876A      		ori r24,lo8(-89)
  60 002e 86B9      		out 38-32,r24
  61 0030 369A      		sbi 38-32,6
  62               	/* epilogue start */
  63 0032 0895      		ret
  64               		.size	adc_init, .-adc_init
  65               	.global	segsum
  66               		.type	segsum, @function
  67               	segsum:
  68               	/* prologue: function */
  69               	/* frame size = 0 */
  70 0034 9C01      		movw r18,r24
  71 0036 68EE      		ldi r22,lo8(1000)
  72 0038 73E0      		ldi r23,hi8(1000)
  73 003a 0E94 0000 		call __udivmodhi4
  74 003e CB01      		movw r24,r22
  75 0040 6AE0      		ldi r22,lo8(10)
  76 0042 70E0      		ldi r23,hi8(10)
  77 0044 0E94 0000 		call __udivmodhi4
  78 0048 E82F      		mov r30,r24
  79 004a C901      		movw r24,r18
  80 004c 64E6      		ldi r22,lo8(100)
  81 004e 70E0      		ldi r23,hi8(100)
  82 0050 0E94 0000 		call __udivmodhi4
  83 0054 CB01      		movw r24,r22
  84 0056 6AE0      		ldi r22,lo8(10)
  85 0058 70E0      		ldi r23,hi8(10)
  86 005a 0E94 0000 		call __udivmodhi4
  87 005e 482F      		mov r20,r24
  88 0060 C901      		movw r24,r18
  89 0062 6AE0      		ldi r22,lo8(10)
  90 0064 70E0      		ldi r23,hi8(10)
  91 0066 0E94 0000 		call __udivmodhi4
  92 006a CB01      		movw r24,r22
  93 006c 6AE0      		ldi r22,lo8(10)
  94 006e 70E0      		ldi r23,hi8(10)
  95 0070 0E94 0000 		call __udivmodhi4
  96 0074 F82F      		mov r31,r24
  97 0076 C901      		movw r24,r18
  98 0078 6AE0      		ldi r22,lo8(10)
  99 007a 70E0      		ldi r23,hi8(10)
 100 007c 0E94 0000 		call __udivmodhi4
 101 0080 982F      		mov r25,r24
 102 0082 8091 0000 		lds r24,time_mode
 103 0086 8130      		cpi r24,lo8(1)
 104 0088 01F0      		breq .L15
 105               	.L10:
 106 008a 8091 0000 		lds r24,colon_blink_flag
 107 008e 8823      		tst r24
 108 0090 01F4      		brne .L16
 109 0092 E093 0000 		sts segment_data+4,r30
 110 0096 4093 0000 		sts segment_data+3,r20
 111 009a 8FEF      		ldi r24,lo8(-1)
 112 009c 8093 0000 		sts segment_data+2,r24
 113 00a0 F093 0000 		sts segment_data+1,r31
 114 00a4 9093 0000 		sts segment_data,r25
GAS LISTING /tmp/cc9zQTSy.s 			page 3


 115 00a8 0895      		ret
 116               	.L16:
 117 00aa E093 0000 		sts segment_data+4,r30
 118 00ae 4093 0000 		sts segment_data+3,r20
 119 00b2 82E0      		ldi r24,lo8(2)
 120 00b4 8093 0000 		sts segment_data+2,r24
 121 00b8 F093 0000 		sts segment_data+1,r31
 122 00bc 9093 0000 		sts segment_data,r25
 123 00c0 0895      		ret
 124               	.L15:
 125 00c2 EE23      		tst r30
 126 00c4 01F4      		brne .L10
 127 00c6 4423      		tst r20
 128 00c8 01F4      		brne .L10
 129 00ca 42E0      		ldi r20,lo8(2)
 130 00cc E1E0      		ldi r30,lo8(1)
 131 00ce 00C0      		rjmp .L10
 132               		.size	segsum, .-segsum
 133               	.global	chk_buttons
 134               		.type	chk_buttons, @function
 135               	chk_buttons:
 136               	/* prologue: function */
 137               	/* frame size = 0 */
 138 00d0 90E0      		ldi r25,lo8(0)
 139 00d2 49B3      		in r20,57-32
 140 00d4 FC01      		movw r30,r24
 141 00d6 EE0F      		lsl r30
 142 00d8 FF1F      		rol r31
 143 00da E050      		subi r30,lo8(-(state.1760))
 144 00dc F040      		sbci r31,hi8(-(state.1760))
 145 00de 2081      		ld r18,Z
 146 00e0 3181      		ldd r19,Z+1
 147 00e2 220F      		lsl r18
 148 00e4 331F      		rol r19
 149 00e6 306E      		ori r19,hi8(-8192)
 150 00e8 50E0      		ldi r21,lo8(0)
 151 00ea 00C0      		rjmp 2f
 152 00ec 5595      	1:	asr r21
 153 00ee 4795      		ror r20
 154 00f0 8A95      	2:	dec r24
 155 00f2 02F4      		brpl 1b
 156 00f4 4170      		andi r20,lo8(1)
 157 00f6 5070      		andi r21,hi8(1)
 158 00f8 242B      		or r18,r20
 159 00fa 352B      		or r19,r21
 160 00fc 3183      		std Z+1,r19
 161 00fe 2083      		st Z,r18
 162 0100 80E0      		ldi r24,lo8(0)
 163 0102 2050      		subi r18,lo8(-4096)
 164 0104 304F      		sbci r19,hi8(-4096)
 165 0106 01F0      		breq .L20
 166 0108 0895      		ret
 167               	.L20:
 168 010a 81E0      		ldi r24,lo8(1)
 169 010c 0895      		ret
 170               		.size	chk_buttons, .-chk_buttons
 171               	.global	setBar
GAS LISTING /tmp/cc9zQTSy.s 			page 4


 172               		.type	setBar, @function
 173               	setBar:
 174               	/* prologue: function */
 175               	/* frame size = 0 */
 176 010e 982F      		mov r25,r24
 177 0110 8091 0000 		lds r24,spi_open
 178 0114 8823      		tst r24
 179 0116 01F0      		breq .L24
 180 0118 88B3      		in r24,56-32
 181 011a 8066      		ori r24,lo8(96)
 182 011c 88BB      		out 56-32,r24
 183 011e C498      		cbi 56-32,4
 184 0120 9FB9      		out 47-32,r25
 185               	.L23:
 186 0122 779B      		sbis 46-32,7
 187 0124 00C0      		rjmp .L23
 188 0126 88B3      		in r24,56-32
 189 0128 8F78      		andi r24,lo8(-113)
 190 012a 88BB      		out 56-32,r24
 191 012c 81E0      		ldi r24,lo8(1)
 192 012e 8093 0000 		sts spi_open,r24
 193               	.L24:
 194 0132 0895      		ret
 195               		.size	setBar, .-setBar
 196               	.global	sec2mil
 197               		.type	sec2mil, @function
 198               	sec2mil:
 199 0134 EF92      		push r14
 200 0136 FF92      		push r15
 201 0138 0F93      		push r16
 202 013a 1F93      		push r17
 203               	/* prologue: function */
 204               	/* frame size = 0 */
 205 013c 2CE3      		ldi r18,lo8(60)
 206 013e 30E0      		ldi r19,hi8(60)
 207 0140 40E0      		ldi r20,hlo8(60)
 208 0142 50E0      		ldi r21,hhi8(60)
 209 0144 0E94 0000 		call __divmodsi4
 210 0148 7901      		movw r14,r18
 211 014a 8A01      		movw r16,r20
 212 014c C901      		movw r24,r18
 213 014e 6CE3      		ldi r22,lo8(60)
 214 0150 70E0      		ldi r23,hi8(60)
 215 0152 0E94 0000 		call __udivmodhi4
 216 0156 CB01      		movw r24,r22
 217 0158 68E1      		ldi r22,lo8(24)
 218 015a 70E0      		ldi r23,hi8(24)
 219 015c 0E94 0000 		call __udivmodhi4
 220 0160 24E6      		ldi r18,lo8(100)
 221 0162 30E0      		ldi r19,hi8(100)
 222 0164 A901      		movw r20,r18
 223 0166 849F      		mul r24,r20
 224 0168 9001      		movw r18,r0
 225 016a 859F      		mul r24,r21
 226 016c 300D      		add r19,r0
 227 016e 949F      		mul r25,r20
 228 0170 300D      		add r19,r0
GAS LISTING /tmp/cc9zQTSy.s 			page 5


 229 0172 1124      		clr r1
 230 0174 C701      		movw r24,r14
 231 0176 6CE3      		ldi r22,lo8(60)
 232 0178 70E0      		ldi r23,hi8(60)
 233 017a 0E94 0000 		call __udivmodhi4
 234 017e 280F      		add r18,r24
 235 0180 391F      		adc r19,r25
 236 0182 C901      		movw r24,r18
 237               	/* epilogue start */
 238 0184 1F91      		pop r17
 239 0186 0F91      		pop r16
 240 0188 FF90      		pop r15
 241 018a EF90      		pop r14
 242 018c 0895      		ret
 243               		.size	sec2mil, .-sec2mil
 244               	.global	sec2hr
 245               		.type	sec2hr, @function
 246               	sec2hr:
 247 018e EF92      		push r14
 248 0190 FF92      		push r15
 249 0192 0F93      		push r16
 250 0194 1F93      		push r17
 251               	/* prologue: function */
 252               	/* frame size = 0 */
 253 0196 2CE3      		ldi r18,lo8(60)
 254 0198 30E0      		ldi r19,hi8(60)
 255 019a 40E0      		ldi r20,hlo8(60)
 256 019c 50E0      		ldi r21,hhi8(60)
 257 019e 0E94 0000 		call __divmodsi4
 258 01a2 7901      		movw r14,r18
 259 01a4 8A01      		movw r16,r20
 260 01a6 C901      		movw r24,r18
 261 01a8 6CE3      		ldi r22,lo8(60)
 262 01aa 70E0      		ldi r23,hi8(60)
 263 01ac 0E94 0000 		call __udivmodhi4
 264 01b0 CB01      		movw r24,r22
 265 01b2 6CE0      		ldi r22,lo8(12)
 266 01b4 70E0      		ldi r23,hi8(12)
 267 01b6 0E94 0000 		call __udivmodhi4
 268 01ba 24E6      		ldi r18,lo8(100)
 269 01bc 30E0      		ldi r19,hi8(100)
 270 01be A901      		movw r20,r18
 271 01c0 849F      		mul r24,r20
 272 01c2 9001      		movw r18,r0
 273 01c4 859F      		mul r24,r21
 274 01c6 300D      		add r19,r0
 275 01c8 949F      		mul r25,r20
 276 01ca 300D      		add r19,r0
 277 01cc 1124      		clr r1
 278 01ce C701      		movw r24,r14
 279 01d0 6CE3      		ldi r22,lo8(60)
 280 01d2 70E0      		ldi r23,hi8(60)
 281 01d4 0E94 0000 		call __udivmodhi4
 282 01d8 280F      		add r18,r24
 283 01da 391F      		adc r19,r25
 284 01dc C901      		movw r24,r18
 285               	/* epilogue start */
GAS LISTING /tmp/cc9zQTSy.s 			page 6


 286 01de 1F91      		pop r17
 287 01e0 0F91      		pop r16
 288 01e2 FF90      		pop r15
 289 01e4 EF90      		pop r14
 290 01e6 0895      		ret
 291               		.size	sec2hr, .-sec2hr
 292               	.global	__vector_9
 293               		.type	__vector_9, @function
 294               	__vector_9:
 295 01e8 1F92      		push __zero_reg__
 296 01ea 0F92      		push r0
 297 01ec 0FB6      		in r0,__SREG__
 298 01ee 0F92      		push r0
 299 01f0 1124      		clr __zero_reg__
 300               	/* prologue: Signal */
 301               	/* frame size = 0 */
 302               	/* epilogue start */
 303 01f2 0F90      		pop r0
 304 01f4 0FBE      		out __SREG__,r0
 305 01f6 0F90      		pop r0
 306 01f8 1F90      		pop __zero_reg__
 307 01fa 1895      		reti
 308               		.size	__vector_9, .-__vector_9
 309               	.global	main
 310               		.type	main, @function
 311               	main:
 312 01fc 0F93      		push r16
 313 01fe 1F93      		push r17
 314               	/* prologue: function */
 315               	/* frame size = 0 */
 316 0200 0E94 0000 		call music_init
 317 0204 8FEF      		ldi r24,lo8(-1)
 318 0206 87BB      		out 55-32,r24
 319 0208 81BB      		out 49-32,r24
 320 020a 88E0      		ldi r24,lo8(8)
 321 020c 8093 6100 		sts 97,r24
 322 0210 81E0      		ldi r24,lo8(1)
 323 0212 8093 6200 		sts 98,r24
 324 0216 8DB1      		in r24,45-32
 325 0218 8065      		ori r24,lo8(80)
 326 021a 8DB9      		out 45-32,r24
 327 021c 709A      		sbi 46-32,0
 328 021e 80B7      		in r24,80-32
 329 0220 8860      		ori r24,lo8(8)
 330 0222 80BF      		out 80-32,r24
 331 0224 87B7      		in r24,87-32
 332 0226 8160      		ori r24,lo8(1)
 333 0228 87BF      		out 87-32,r24
 334 022a 83B7      		in r24,83-32
 335 022c 8160      		ori r24,lo8(1)
 336 022e 83BF      		out 83-32,r24
 337 0230 85B5      		in r24,69-32
 338 0232 8966      		ori r24,lo8(105)
 339 0234 85BD      		out 69-32,r24
 340 0236 13BC      		out 67-32,__zero_reg__
 341 0238 3E9A      		sbi 39-32,6
 342 023a 86B1      		in r24,38-32
GAS LISTING /tmp/cc9zQTSy.s 			page 7


 343 023c 876A      		ori r24,lo8(-89)
 344 023e 86B9      		out 38-32,r24
 345 0240 369A      		sbi 38-32,6
 346 0242 0E94 0000 		call lcd_init
 347               	/* #APP */
 348               	 ;  486 "lab4.c" 1
 349 0246 7894      		sei
 350               	 ;  0 "" 2
 351               	/* #NOAPP */
 352 0248 1092 0000 		sts (sum)+1,__zero_reg__
 353 024c 1092 0000 		sts sum,__zero_reg__
 354 0250 1092 0000 		sts (ms)+1,__zero_reg__
 355 0254 1092 0000 		sts ms,__zero_reg__
 356 0258 1092 0000 		sts (beat)+1,__zero_reg__
 357 025c 1092 0000 		sts beat,__zero_reg__
 358 0260 8091 0000 		lds r24,count
 359 0264 9091 0000 		lds r25,(count)+1
 360 0268 01E0      		ldi r16,lo8(1)
 361 026a 1FEF      		ldi r17,lo8(-1)
 362 026c 00C0      		rjmp .L48
 363               	.L51:
 364 026e 8091 0000 		lds r24,time
 365 0272 9091 0000 		lds r25,(time)+1
 366 0276 A091 0000 		lds r26,(time)+2
 367 027a B091 0000 		lds r27,(time)+3
 368 027e 2091 0000 		lds r18,alarm
 369 0282 3091 0000 		lds r19,(alarm)+1
 370 0286 4091 0000 		lds r20,(alarm)+2
 371 028a 5091 0000 		lds r21,(alarm)+3
 372 028e 8217      		cp r24,r18
 373 0290 9307      		cpc r25,r19
 374 0292 A407      		cpc r26,r20
 375 0294 B507      		cpc r27,r21
 376 0296 01F4      		brne .+2
 377 0298 00C0      		rjmp .L55
 378               	.L41:
 379 029a 8038      		cpi r24,lo8(86400)
 380 029c 61E5      		ldi r22,hi8(86400)
 381 029e 9607      		cpc r25,r22
 382 02a0 61E0      		ldi r22,hlo8(86400)
 383 02a2 A607      		cpc r26,r22
 384 02a4 60E0      		ldi r22,hhi8(86400)
 385 02a6 B607      		cpc r27,r22
 386 02a8 04F0      		brlt .L42
 387 02aa 8058      		subi r24,lo8(-(-86400))
 388 02ac 9145      		sbci r25,hi8(-(-86400))
 389 02ae A140      		sbci r26,hlo8(-(-86400))
 390 02b0 B040      		sbci r27,hhi8(-(-86400))
 391 02b2 8093 0000 		sts time,r24
 392 02b6 9093 0000 		sts (time)+1,r25
 393 02ba A093 0000 		sts (time)+2,r26
 394 02be B093 0000 		sts (time)+3,r27
 395               	.L42:
 396 02c2 B7FD      		sbrc r27,7
 397 02c4 00C0      		rjmp .L56
 398               	.L43:
 399 02c6 2038      		cpi r18,lo8(86400)
GAS LISTING /tmp/cc9zQTSy.s 			page 8


 400 02c8 81E5      		ldi r24,hi8(86400)
 401 02ca 3807      		cpc r19,r24
 402 02cc 81E0      		ldi r24,hlo8(86400)
 403 02ce 4807      		cpc r20,r24
 404 02d0 80E0      		ldi r24,hhi8(86400)
 405 02d2 5807      		cpc r21,r24
 406 02d4 04F0      		brlt .L44
 407 02d6 DA01      		movw r26,r20
 408 02d8 C901      		movw r24,r18
 409 02da 8058      		subi r24,lo8(-(-86400))
 410 02dc 9145      		sbci r25,hi8(-(-86400))
 411 02de A140      		sbci r26,hlo8(-(-86400))
 412 02e0 B040      		sbci r27,hhi8(-(-86400))
 413 02e2 8093 0000 		sts alarm,r24
 414 02e6 9093 0000 		sts (alarm)+1,r25
 415 02ea A093 0000 		sts (alarm)+2,r26
 416 02ee B093 0000 		sts (alarm)+3,r27
 417 02f2 9C01      		movw r18,r24
 418 02f4 AD01      		movw r20,r26
 419               	.L44:
 420 02f6 57FD      		sbrc r21,7
 421 02f8 00C0      		rjmp .L57
 422               	.L45:
 423 02fa E091 0000 		lds r30,count
 424 02fe F091 0000 		lds r31,(count)+1
 425 0302 E050      		subi r30,lo8(-(segment_data))
 426 0304 F040      		sbci r31,hi8(-(segment_data))
 427 0306 8081      		ld r24,Z
 428 0308 0E94 0000 		call LED_convert
 429 030c 1ABB      		out 58-32,r17
 430 030e 1BBB      		out 59-32,r17
 431 0310 2091 0000 		lds r18,count
 432 0314 2295      		swap r18
 433 0316 207F      		andi r18,0xf0
 434 0318 98B3      		in r25,56-32
 435 031a 922B      		or r25,r18
 436 031c 98BB      		out 56-32,r25
 437 031e 98B3      		in r25,56-32
 438 0320 9077      		andi r25,lo8(112)
 439 0322 9223      		and r25,r18
 440 0324 98BB      		out 56-32,r25
 441 0326 8BBB      		out 59-32,r24
 442 0328 8091 0000 		lds r24,lcd_line1_write_flag
 443 032c 8823      		tst r24
 444 032e 01F0      		breq .+2
 445 0330 00C0      		rjmp .L58
 446               	.L46:
 447 0332 8091 0000 		lds r24,lcd_line2_write_flag
 448 0336 8823      		tst r24
 449 0338 01F0      		breq .+2
 450 033a 00C0      		rjmp .L59
 451               	.L47:
 452 033c 8091 0000 		lds r24,count
 453 0340 9091 0000 		lds r25,(count)+1
 454 0344 0196      		adiw r24,1
 455 0346 9093 0000 		sts (count)+1,r25
 456 034a 8093 0000 		sts count,r24
GAS LISTING /tmp/cc9zQTSy.s 			page 9


 457               	.L48:
 458 034e 0597      		sbiw r24,5
 459 0350 00F0      		brlo .L33
 460 0352 1092 0000 		sts (count)+1,__zero_reg__
 461 0356 1092 0000 		sts count,__zero_reg__
 462               	.L33:
 463 035a 8091 0000 		lds r24,set_time_flag
 464 035e 8823      		tst r24
 465 0360 01F4      		brne .L34
 466 0362 8091 0000 		lds r24,set_alarm_flag
 467 0366 8823      		tst r24
 468 0368 01F4      		brne .L35
 469               	.L34:
 470 036a 8091 0000 		lds r24,time_mode
 471 036e 8130      		cpi r24,lo8(1)
 472 0370 01F4      		brne .+2
 473 0372 00C0      		rjmp .L60
 474 0374 6091 0000 		lds r22,time
 475 0378 7091 0000 		lds r23,(time)+1
 476 037c 8091 0000 		lds r24,(time)+2
 477 0380 9091 0000 		lds r25,(time)+3
 478 0384 0E94 0000 		call sec2mil
 479 0388 0E94 0000 		call segsum
 480 038c 8091 0000 		lds r24,set_alarm_flag
 481               	.L35:
 482 0390 8823      		tst r24
 483 0392 01F0      		breq .L38
 484 0394 8091 0000 		lds r24,time_mode
 485 0398 8130      		cpi r24,lo8(1)
 486 039a 01F4      		brne .+2
 487 039c 00C0      		rjmp .L61
 488 039e 6091 0000 		lds r22,alarm
 489 03a2 7091 0000 		lds r23,(alarm)+1
 490 03a6 8091 0000 		lds r24,(alarm)+2
 491 03aa 9091 0000 		lds r25,(alarm)+3
 492 03ae 0E94 0000 		call sec2mil
 493 03b2 0E94 0000 		call segsum
 494               	.L38:
 495 03b6 8091 0000 		lds r24,display_adc_flag
 496 03ba 8823      		tst r24
 497 03bc 01F4      		brne .L62
 498               	.L40:
 499 03be 8091 0000 		lds r24,alarm_armed_flag
 500 03c2 8823      		tst r24
 501 03c4 01F0      		breq .+2
 502 03c6 00C0      		rjmp .L51
 503               	.L53:
 504 03c8 8091 0000 		lds r24,time
 505 03cc 9091 0000 		lds r25,(time)+1
 506 03d0 A091 0000 		lds r26,(time)+2
 507 03d4 B091 0000 		lds r27,(time)+3
 508 03d8 2091 0000 		lds r18,alarm
 509 03dc 3091 0000 		lds r19,(alarm)+1
 510 03e0 4091 0000 		lds r20,(alarm)+2
 511 03e4 5091 0000 		lds r21,(alarm)+3
 512 03e8 00C0      		rjmp .L41
 513               	.L62:
GAS LISTING /tmp/cc9zQTSy.s 			page 10


 514 03ea 8091 0000 		lds r24,temp
 515 03ee 9091 0000 		lds r25,(temp)+1
 516 03f2 0E94 0000 		call segsum
 517 03f6 00C0      		rjmp .L40
 518               	.L59:
 519 03f8 0E94 0000 		call clear_display
 520 03fc 0E94 0000 		call home_line2
 521 0400 80E0      		ldi r24,lo8(lcd_line2)
 522 0402 90E0      		ldi r25,hi8(lcd_line2)
 523 0404 0E94 0000 		call string2lcd
 524 0408 1092 0000 		sts lcd_line2_write_flag,__zero_reg__
 525 040c 00C0      		rjmp .L47
 526               	.L58:
 527 040e 0E94 0000 		call clear_display
 528 0412 0E94 0000 		call cursor_home
 529 0416 80E0      		ldi r24,lo8(lcd_line1)
 530 0418 90E0      		ldi r25,hi8(lcd_line1)
 531 041a 0E94 0000 		call string2lcd
 532 041e 1092 0000 		sts lcd_line1_write_flag,__zero_reg__
 533 0422 00C0      		rjmp .L46
 534               	.L57:
 535 0424 2058      		subi r18,lo8(-(86400))
 536 0426 3E4A      		sbci r19,hi8(-(86400))
 537 0428 4E4F      		sbci r20,hlo8(-(86400))
 538 042a 5F4F      		sbci r21,hhi8(-(86400))
 539 042c 2093 0000 		sts alarm,r18
 540 0430 3093 0000 		sts (alarm)+1,r19
 541 0434 4093 0000 		sts (alarm)+2,r20
 542 0438 5093 0000 		sts (alarm)+3,r21
 543 043c 00C0      		rjmp .L45
 544               	.L56:
 545 043e 8058      		subi r24,lo8(-(86400))
 546 0440 9E4A      		sbci r25,hi8(-(86400))
 547 0442 AE4F      		sbci r26,hlo8(-(86400))
 548 0444 BF4F      		sbci r27,hhi8(-(86400))
 549 0446 8093 0000 		sts time,r24
 550 044a 9093 0000 		sts (time)+1,r25
 551 044e A093 0000 		sts (time)+2,r26
 552 0452 B093 0000 		sts (time)+3,r27
 553 0456 00C0      		rjmp .L43
 554               	.L60:
 555 0458 6091 0000 		lds r22,time
 556 045c 7091 0000 		lds r23,(time)+1
 557 0460 8091 0000 		lds r24,(time)+2
 558 0464 9091 0000 		lds r25,(time)+3
 559 0468 0E94 0000 		call sec2hr
 560 046c 0E94 0000 		call segsum
 561 0470 8091 0000 		lds r24,set_alarm_flag
 562 0474 00C0      		rjmp .L35
 563               	.L61:
 564 0476 6091 0000 		lds r22,alarm
 565 047a 7091 0000 		lds r23,(alarm)+1
 566 047e 8091 0000 		lds r24,(alarm)+2
 567 0482 9091 0000 		lds r25,(alarm)+3
 568 0486 0E94 0000 		call sec2hr
 569 048a 0E94 0000 		call segsum
 570 048e 00C0      		rjmp .L38
GAS LISTING /tmp/cc9zQTSy.s 			page 11


 571               	.L55:
 572 0490 0E94 0000 		call music_on
 573 0494 0093 0000 		sts alarm_playing_flag,r16
 574 0498 00C0      		rjmp .L53
 575               		.size	main, .-main
 576               		.data
 577               	.LC0:
 578 0000 5365 7420 		.string	"Set alarm time..."
 578      616C 6172 
 578      6D20 7469 
 578      6D65 2E2E 
 578      2E00 
 579               	.LC1:
 580 0012 4E6F 726D 		.string	"Normal mode."
 580      616C 206D 
 580      6F64 652E 
 580      00
 581               	.LC2:
 582 001f 5365 7420 		.string	"Set clock time..."
 582      636C 6F63 
 582      6B20 7469 
 582      6D65 2E2E 
 582      2E00 
 583               	.LC3:
 584 0031 416C 6172 		.string	"Alarm is ON."
 584      6D20 6973 
 584      204F 4E2E 
 584      00
 585               	.LC4:
 586 003e 416C 6172 		.string	"Alarm is OFF."
 586      6D20 6973 
 586      204F 4646 
 586      2E00 
 587               	.LC5:
 588 004c 536E 6F6F 		.string	"Snooze is on."
 588      7A65 2069 
 588      7320 6F6E 
 588      2E00 
 589               	.LC6:
 590 005a 5368 6F77 		.string	"Showing adc output"
 590      696E 6720 
 590      6164 6320 
 590      6F75 7470 
 590      7574 00
 591               		.text
 592               	.global	__vector_16
 593               		.type	__vector_16, @function
 594               	__vector_16:
 595 049a 1F92      		push __zero_reg__
 596 049c 0F92      		push r0
 597 049e 0FB6      		in r0,__SREG__
 598 04a0 0F92      		push r0
 599 04a2 0BB6      		in r0,91-32
 600 04a4 0F92      		push r0
 601 04a6 1124      		clr __zero_reg__
 602 04a8 8F92      		push r8
 603 04aa 9F92      		push r9
GAS LISTING /tmp/cc9zQTSy.s 			page 12


 604 04ac AF92      		push r10
 605 04ae BF92      		push r11
 606 04b0 CF92      		push r12
 607 04b2 DF92      		push r13
 608 04b4 EF92      		push r14
 609 04b6 FF92      		push r15
 610 04b8 0F93      		push r16
 611 04ba 1F93      		push r17
 612 04bc 2F93      		push r18
 613 04be 3F93      		push r19
 614 04c0 4F93      		push r20
 615 04c2 5F93      		push r21
 616 04c4 6F93      		push r22
 617 04c6 7F93      		push r23
 618 04c8 8F93      		push r24
 619 04ca 9F93      		push r25
 620 04cc AF93      		push r26
 621 04ce BF93      		push r27
 622 04d0 EF93      		push r30
 623 04d2 FF93      		push r31
 624 04d4 DF93      		push r29
 625 04d6 CF93      		push r28
 626 04d8 CDB7      		in r28,__SP_L__
 627 04da DEB7      		in r29,__SP_H__
 628 04dc 2897      		sbiw r28,8
 629 04de DEBF      		out __SP_H__,r29
 630 04e0 CDBF      		out __SP_L__,r28
 631               	/* prologue: Signal */
 632               	/* frame size = 8 */
 633 04e2 93E0      		ldi r25,lo8(3)
 634 04e4 9983      		std Y+1,r25
 635 04e6 21E0      		ldi r18,lo8(1)
 636 04e8 2A83      		std Y+2,r18
 637 04ea 1B82      		std Y+3,__zero_reg__
 638 04ec 82E0      		ldi r24,lo8(2)
 639 04ee 8C83      		std Y+4,r24
 640 04f0 9D83      		std Y+5,r25
 641 04f2 8E83      		std Y+6,r24
 642 04f4 1F82      		std Y+7,__zero_reg__
 643 04f6 2887      		std Y+8,r18
 644 04f8 84B1      		in r24,36-32
 645 04fa 95B1      		in r25,(36)+1-32
 646 04fc A0E0      		ldi r26,lo8(0)
 647 04fe B0E0      		ldi r27,hi8(0)
 648 0500 8093 0000 		sts temp,r24
 649 0504 9093 0000 		sts (temp)+1,r25
 650 0508 A093 0000 		sts (temp)+2,r26
 651 050c B093 0000 		sts (temp)+3,r27
 652 0510 8832      		cpi r24,lo8(40)
 653 0512 9105      		cpc r25,__zero_reg__
 654 0514 A105      		cpc r26,__zero_reg__
 655 0516 B105      		cpc r27,__zero_reg__
 656 0518 00F0      		brlo .+2
 657 051a 00C0      		rjmp .L64
 658 051c 88E2      		ldi r24,lo8(40)
 659 051e 90E0      		ldi r25,hi8(40)
 660 0520 A0E0      		ldi r26,hlo8(40)
GAS LISTING /tmp/cc9zQTSy.s 			page 13


 661 0522 B0E0      		ldi r27,hhi8(40)
 662 0524 8093 0000 		sts temp,r24
 663 0528 9093 0000 		sts (temp)+1,r25
 664 052c A093 0000 		sts (temp)+2,r26
 665 0530 B093 0000 		sts (temp)+3,r27
 666               	.L65:
 667 0534 6091 0000 		lds r22,temp
 668 0538 7091 0000 		lds r23,(temp)+1
 669 053c 8091 0000 		lds r24,(temp)+2
 670 0540 9091 0000 		lds r25,(temp)+3
 671 0544 6351      		subi r22,lo8(-(-275))
 672 0546 7140      		sbci r23,hi8(-(-275))
 673 0548 8040      		sbci r24,hlo8(-(-275))
 674 054a 9040      		sbci r25,hhi8(-(-275))
 675 054c 6093 0000 		sts adc_output,r22
 676 0550 7093 0000 		sts (adc_output)+1,r23
 677 0554 8093 0000 		sts (adc_output)+2,r24
 678 0558 9093 0000 		sts (adc_output)+3,r25
 679 055c 23E0      		ldi r18,lo8(3)
 680 055e 30E0      		ldi r19,hi8(3)
 681 0560 40E0      		ldi r20,hlo8(3)
 682 0562 50E0      		ldi r21,hhi8(3)
 683 0564 0E94 0000 		call __udivmodsi4
 684 0568 205B      		subi r18,lo8(-(80))
 685 056a 23BD      		out 67-32,r18
 686 056c 8091 0000 		lds r24,ms
 687 0570 9091 0000 		lds r25,(ms)+1
 688 0574 0196      		adiw r24,1
 689 0576 9093 0000 		sts (ms)+1,r25
 690 057a 8093 0000 		sts ms,r24
 691 057e 8091 0000 		lds r24,ms
 692 0582 9091 0000 		lds r25,(ms)+1
 693 0586 8370      		andi r24,lo8(3)
 694 0588 9070      		andi r25,hi8(3)
 695 058a 892B      		or r24,r25
 696 058c 01F4      		brne .L66
 697 058e 8091 0000 		lds r24,beat
 698 0592 9091 0000 		lds r25,(beat)+1
 699 0596 0196      		adiw r24,1
 700 0598 9093 0000 		sts (beat)+1,r25
 701 059c 8093 0000 		sts beat,r24
 702               	.L66:
 703 05a0 8091 0000 		lds r24,isr_count
 704 05a4 9091 0000 		lds r25,(isr_count)+1
 705 05a8 8034      		cpi r24,64
 706 05aa 9105      		cpc r25,__zero_reg__
 707 05ac 01F4      		brne .+2
 708 05ae 00C0      		rjmp .L158
 709 05b0 8038      		cpi r24,128
 710 05b2 9105      		cpc r25,__zero_reg__
 711 05b4 01F4      		brne .+2
 712 05b6 00C0      		rjmp .L159
 713               	.L68:
 714 05b8 0196      		adiw r24,1
 715 05ba 9093 0000 		sts (isr_count)+1,r25
 716 05be 8093 0000 		sts isr_count,r24
 717 05c2 4091 0000 		lds r20,set_alarm_flag
GAS LISTING /tmp/cc9zQTSy.s 			page 14


 718 05c6 4423      		tst r20
 719 05c8 01F0      		breq .+2
 720 05ca 00C0      		rjmp .L69
 721 05cc 8091 0000 		lds r24,set_time_flag
 722 05d0 8823      		tst r24
 723 05d2 01F0      		breq .+2
 724 05d4 00C0      		rjmp .L69
 725               	.L70:
 726 05d6 1ABA      		out 58-32,__zero_reg__
 727 05d8 8FEF      		ldi r24,lo8(-1)
 728 05da 8BBB      		out 59-32,r24
 729 05dc 88B3      		in r24,56-32
 730 05de 8065      		ori r24,lo8(80)
 731 05e0 88BB      		out 56-32,r24
 732 05e2 C598      		cbi 56-32,5
 733 05e4 85E3      		ldi r24,lo8(53)
 734               	/* #APP */
 735               	 ;  83 "/usr/lib/gcc/avr/4.3.4/../../../avr/include/util/delay_basic.h" 1
 736 05e6 8A95      		1: dec r24
 737 05e8 01F4      		brne 1b
 738               	 ;  0 "" 2
 739               	/* #NOAPP */
 740 05ea 29B3      		in r18,57-32
 741 05ec 8091 0000 		lds r24,state.1760
 742 05f0 9091 0000 		lds r25,(state.1760)+1
 743 05f4 880F      		lsl r24
 744 05f6 991F      		rol r25
 745 05f8 906E      		ori r25,hi8(-8192)
 746 05fa 30E0      		ldi r19,lo8(0)
 747 05fc 2170      		andi r18,lo8(1)
 748 05fe 3070      		andi r19,hi8(1)
 749 0600 822B      		or r24,r18
 750 0602 932B      		or r25,r19
 751 0604 9093 0000 		sts (state.1760)+1,r25
 752 0608 8093 0000 		sts state.1760,r24
 753 060c 8050      		subi r24,lo8(-4096)
 754 060e 904F      		sbci r25,hi8(-4096)
 755 0610 01F4      		brne .+2
 756 0612 00C0      		rjmp .L160
 757               	.L71:
 758 0614 89B3      		in r24,57-32
 759 0616 2091 0000 		lds r18,state.1760+2
 760 061a 3091 0000 		lds r19,(state.1760+2)+1
 761 061e 220F      		lsl r18
 762 0620 331F      		rol r19
 763 0622 306E      		ori r19,hi8(-8192)
 764 0624 90E0      		ldi r25,lo8(0)
 765 0626 9595      		asr r25
 766 0628 8795      		ror r24
 767 062a 8170      		andi r24,lo8(1)
 768 062c 9070      		andi r25,hi8(1)
 769 062e 282B      		or r18,r24
 770 0630 392B      		or r19,r25
 771 0632 3093 0000 		sts (state.1760+2)+1,r19
 772 0636 2093 0000 		sts state.1760+2,r18
 773 063a 2050      		subi r18,lo8(-4096)
 774 063c 304F      		sbci r19,hi8(-4096)
GAS LISTING /tmp/cc9zQTSy.s 			page 15


 775 063e 01F4      		brne .+2
 776 0640 00C0      		rjmp .L161
 777               	.L77:
 778 0642 89B3      		in r24,57-32
 779 0644 2091 0000 		lds r18,state.1760+4
 780 0648 3091 0000 		lds r19,(state.1760+4)+1
 781 064c 220F      		lsl r18
 782 064e 331F      		rol r19
 783 0650 306E      		ori r19,hi8(-8192)
 784 0652 90E0      		ldi r25,lo8(0)
 785 0654 9595      		asr r25
 786 0656 8795      		ror r24
 787 0658 9595      		asr r25
 788 065a 8795      		ror r24
 789 065c 8170      		andi r24,lo8(1)
 790 065e 9070      		andi r25,hi8(1)
 791 0660 282B      		or r18,r24
 792 0662 392B      		or r19,r25
 793 0664 3093 0000 		sts (state.1760+4)+1,r19
 794 0668 2093 0000 		sts state.1760+4,r18
 795 066c 2050      		subi r18,lo8(-4096)
 796 066e 304F      		sbci r19,hi8(-4096)
 797 0670 01F4      		brne .+2
 798 0672 00C0      		rjmp .L162
 799               	.L83:
 800 0674 89B3      		in r24,57-32
 801 0676 2091 0000 		lds r18,state.1760+6
 802 067a 3091 0000 		lds r19,(state.1760+6)+1
 803 067e 220F      		lsl r18
 804 0680 331F      		rol r19
 805 0682 306E      		ori r19,hi8(-8192)
 806 0684 90E0      		ldi r25,lo8(0)
 807 0686 9595      		asr r25
 808 0688 8795      		ror r24
 809 068a 9595      		asr r25
 810 068c 8795      		ror r24
 811 068e 9595      		asr r25
 812 0690 8795      		ror r24
 813 0692 8170      		andi r24,lo8(1)
 814 0694 9070      		andi r25,hi8(1)
 815 0696 282B      		or r18,r24
 816 0698 392B      		or r19,r25
 817 069a 3093 0000 		sts (state.1760+6)+1,r19
 818 069e 2093 0000 		sts state.1760+6,r18
 819 06a2 2050      		subi r18,lo8(-4096)
 820 06a4 304F      		sbci r19,hi8(-4096)
 821 06a6 01F4      		brne .+2
 822 06a8 00C0      		rjmp .L163
 823               	.L85:
 824 06aa 89B3      		in r24,57-32
 825 06ac 2091 0000 		lds r18,state.1760+8
 826 06b0 3091 0000 		lds r19,(state.1760+8)+1
 827 06b4 220F      		lsl r18
 828 06b6 331F      		rol r19
 829 06b8 306E      		ori r19,hi8(-8192)
 830 06ba 90E0      		ldi r25,lo8(0)
 831 06bc 9595      		asr r25
GAS LISTING /tmp/cc9zQTSy.s 			page 16


 832 06be 8795      		ror r24
 833 06c0 9595      		asr r25
 834 06c2 8795      		ror r24
 835 06c4 9595      		asr r25
 836 06c6 8795      		ror r24
 837 06c8 9595      		asr r25
 838 06ca 8795      		ror r24
 839 06cc 8170      		andi r24,lo8(1)
 840 06ce 9070      		andi r25,hi8(1)
 841 06d0 282B      		or r18,r24
 842 06d2 392B      		or r19,r25
 843 06d4 3093 0000 		sts (state.1760+8)+1,r19
 844 06d8 2093 0000 		sts state.1760+8,r18
 845 06dc 2050      		subi r18,lo8(-4096)
 846 06de 304F      		sbci r19,hi8(-4096)
 847 06e0 01F4      		brne .+2
 848 06e2 00C0      		rjmp .L164
 849               	.L89:
 850 06e4 89B3      		in r24,57-32
 851 06e6 2091 0000 		lds r18,state.1760+12
 852 06ea 3091 0000 		lds r19,(state.1760+12)+1
 853 06ee 220F      		lsl r18
 854 06f0 331F      		rol r19
 855 06f2 306E      		ori r19,hi8(-8192)
 856 06f4 90E0      		ldi r25,lo8(0)
 857 06f6 082E      		mov __tmp_reg__,r24
 858 06f8 892F      		mov r24,r25
 859 06fa 000C      		lsl __tmp_reg__
 860 06fc 881F      		rol r24
 861 06fe 990B      		sbc r25,r25
 862 0700 000C      		lsl __tmp_reg__
 863 0702 881F      		rol r24
 864 0704 991F      		rol r25
 865 0706 8170      		andi r24,lo8(1)
 866 0708 9070      		andi r25,hi8(1)
 867 070a 282B      		or r18,r24
 868 070c 392B      		or r19,r25
 869 070e 3093 0000 		sts (state.1760+12)+1,r19
 870 0712 2093 0000 		sts state.1760+12,r18
 871 0716 2050      		subi r18,lo8(-4096)
 872 0718 304F      		sbci r19,hi8(-4096)
 873 071a 01F4      		brne .+2
 874 071c 00C0      		rjmp .L165
 875               	.L91:
 876 071e 29B3      		in r18,57-32
 877 0720 8091 0000 		lds r24,state.1760+14
 878 0724 9091 0000 		lds r25,(state.1760+14)+1
 879 0728 880F      		lsl r24
 880 072a 991F      		rol r25
 881 072c 906E      		ori r25,hi8(-8192)
 882 072e 30E0      		ldi r19,lo8(0)
 883 0730 220F      		lsl r18
 884 0732 232F      		mov r18,r19
 885 0734 221F      		rol r18
 886 0736 330B      		sbc r19,r19
 887 0738 3195      		neg r19
 888 073a 822B      		or r24,r18
GAS LISTING /tmp/cc9zQTSy.s 			page 17


 889 073c 932B      		or r25,r19
 890 073e 9093 0000 		sts (state.1760+14)+1,r25
 891 0742 8093 0000 		sts state.1760+14,r24
 892 0746 8050      		subi r24,lo8(-4096)
 893 0748 904F      		sbci r25,hi8(-4096)
 894 074a 01F4      		brne .+2
 895 074c 00C0      		rjmp .L166
 896               	.L95:
 897 074e 88B3      		in r24,56-32
 898 0750 8F78      		andi r24,lo8(-113)
 899 0752 88BB      		out 56-32,r24
 900 0754 C098      		cbi 56-32,0
 901 0756 C09A      		sbi 56-32,0
 902 0758 9FEF      		ldi r25,lo8(-1)
 903 075a 9FB9      		out 47-32,r25
 904 075c 8FB1      		in r24,47-32
 905 075e 8093 0000 		sts data.1820,r24
 906 0762 9FB9      		out 47-32,r25
 907 0764 F3E0      		ldi r31,lo8(3)
 908 0766 AF2E      		mov r10,r31
 909 0768 A822      		and r10,r24
 910 076a A092 0000 		sts knob1_state.1816,r10
 911 076e ECE0      		ldi r30,lo8(12)
 912 0770 BE2E      		mov r11,r30
 913 0772 B822      		and r11,r24
 914 0774 B694      		lsr r11
 915 0776 B694      		lsr r11
 916 0778 B092 0000 		sts knob2_state.1818,r11
 917 077c 8090 0000 		lds r8,knob1_old.1817
 918 0780 A814      		cp r10,r8
 919 0782 01F4      		brne .+2
 920 0784 00C0      		rjmp .L167
 921 0786 8981      		ldd r24,Y+1
 922 0788 A816      		cp r10,r24
 923 078a 01F4      		brne .+2
 924 078c 00C0      		rjmp .L168
 925 078e 40E0      		ldi r20,lo8(0)
 926 0790 8E01      		movw r16,r28
 927 0792 0F5F      		subi r16,lo8(-(1))
 928 0794 1F4F      		sbci r17,hi8(-(1))
 929               	.L103:
 930 0796 4F5F      		subi r20,lo8(-(1))
 931 0798 E42E      		mov r14,r20
 932 079a FF24      		clr r15
 933 079c 73E0      		ldi r23,lo8(3)
 934 079e C72E      		mov r12,r23
 935 07a0 D12C      		mov r13,__zero_reg__
 936 07a2 CE20      		and r12,r14
 937 07a4 DF20      		and r13,r15
 938 07a6 F801      		movw r30,r16
 939 07a8 EC0D      		add r30,r12
 940 07aa FD1D      		adc r31,r13
 941 07ac 8081      		ld r24,Z
 942 07ae A816      		cp r10,r24
 943 07b0 01F4      		brne .L103
 944 07b2 C701      		movw r24,r14
 945 07b4 0197      		sbiw r24,1
GAS LISTING /tmp/cc9zQTSy.s 			page 18


 946 07b6 64E0      		ldi r22,lo8(4)
 947 07b8 70E0      		ldi r23,hi8(4)
 948 07ba 0E94 0000 		call __divmodhi4
 949 07be FC01      		movw r30,r24
 950               	.L102:
 951 07c0 E00F      		add r30,r16
 952 07c2 F11F      		adc r31,r17
 953 07c4 8081      		ld r24,Z
 954 07c6 8816      		cp r8,r24
 955 07c8 01F4      		brne .+2
 956 07ca 00C0      		rjmp .L150
 957 07cc 9090 0000 		lds r9,knob1_hit_count.1823
 958               	.L104:
 959 07d0 8E01      		movw r16,r28
 960 07d2 0B5F      		subi r16,lo8(-(5))
 961 07d4 1F4F      		sbci r17,hi8(-(5))
 962 07d6 C00E      		add r12,r16
 963 07d8 D11E      		adc r13,r17
 964 07da F601      		movw r30,r12
 965 07dc 8081      		ld r24,Z
 966 07de A816      		cp r10,r24
 967 07e0 01F0      		breq .L105
 968               	.L130:
 969 07e2 4F5F      		subi r20,lo8(-(1))
 970 07e4 E42E      		mov r14,r20
 971 07e6 FF24      		clr r15
 972 07e8 F701      		movw r30,r14
 973 07ea E370      		andi r30,lo8(3)
 974 07ec F070      		andi r31,hi8(3)
 975 07ee E00F      		add r30,r16
 976 07f0 F11F      		adc r31,r17
 977 07f2 8081      		ld r24,Z
 978 07f4 A816      		cp r10,r24
 979 07f6 01F4      		brne .L130
 980               	.L105:
 981 07f8 C701      		movw r24,r14
 982 07fa 0197      		sbiw r24,1
 983 07fc 64E0      		ldi r22,lo8(4)
 984 07fe 70E0      		ldi r23,hi8(4)
 985 0800 0E94 0000 		call __divmodhi4
 986 0804 080F      		add r16,r24
 987 0806 191F      		adc r17,r25
 988 0808 D801      		movw r26,r16
 989 080a 8C91      		ld r24,X
 990 080c 8816      		cp r8,r24
 991 080e 01F4      		brne .+2
 992 0810 00C0      		rjmp .L169
 993               	.L100:
 994 0812 C090 0000 		lds r12,knob2_old.1819
 995 0816 BC14      		cp r11,r12
 996 0818 01F4      		brne .+2
 997 081a 00C0      		rjmp .L170
 998               	.L151:
 999 081c 242F      		mov r18,r20
 1000 081e 30E0      		ldi r19,lo8(0)
 1001 0820 63E0      		ldi r22,lo8(3)
 1002 0822 E62E      		mov r14,r22
GAS LISTING /tmp/cc9zQTSy.s 			page 19


 1003 0824 F12C      		mov r15,__zero_reg__
 1004 0826 E222      		and r14,r18
 1005 0828 F322      		and r15,r19
 1006 082a 8E01      		movw r16,r28
 1007 082c 0F5F      		subi r16,lo8(-(1))
 1008 082e 1F4F      		sbci r17,hi8(-(1))
 1009 0830 00C0      		rjmp .L157
 1010               	.L171:
 1011 0832 4F5F      		subi r20,lo8(-(1))
 1012 0834 242F      		mov r18,r20
 1013 0836 30E0      		ldi r19,lo8(0)
 1014 0838 53E0      		ldi r21,lo8(3)
 1015 083a E52E      		mov r14,r21
 1016 083c F12C      		mov r15,__zero_reg__
 1017 083e E222      		and r14,r18
 1018 0840 F322      		and r15,r19
 1019               	.L157:
 1020 0842 F801      		movw r30,r16
 1021 0844 EE0D      		add r30,r14
 1022 0846 FF1D      		adc r31,r15
 1023 0848 8081      		ld r24,Z
 1024 084a B816      		cp r11,r24
 1025 084c 01F4      		brne .L171
 1026 084e F901      		movw r30,r18
 1027 0850 3197      		sbiw r30,1
 1028 0852 CF01      		movw r24,r30
 1029 0854 64E0      		ldi r22,lo8(4)
 1030 0856 70E0      		ldi r23,hi8(4)
 1031 0858 0E94 0000 		call __divmodhi4
 1032 085c 080F      		add r16,r24
 1033 085e 191F      		adc r17,r25
 1034 0860 D801      		movw r26,r16
 1035 0862 8C91      		ld r24,X
 1036 0864 C816      		cp r12,r24
 1037 0866 01F4      		brne .+2
 1038 0868 00C0      		rjmp .L152
 1039 086a D090 0000 		lds r13,knob2_hit_count.1824
 1040               	.L110:
 1041 086e 8E01      		movw r16,r28
 1042 0870 0B5F      		subi r16,lo8(-(5))
 1043 0872 1F4F      		sbci r17,hi8(-(5))
 1044 0874 E00E      		add r14,r16
 1045 0876 F11E      		adc r15,r17
 1046 0878 D701      		movw r26,r14
 1047 087a 8C91      		ld r24,X
 1048 087c B816      		cp r11,r24
 1049 087e 01F0      		breq .L111
 1050               	.L128:
 1051 0880 4F5F      		subi r20,lo8(-(1))
 1052 0882 242F      		mov r18,r20
 1053 0884 30E0      		ldi r19,lo8(0)
 1054 0886 F901      		movw r30,r18
 1055 0888 E370      		andi r30,lo8(3)
 1056 088a F070      		andi r31,hi8(3)
 1057 088c E00F      		add r30,r16
 1058 088e F11F      		adc r31,r17
 1059 0890 8081      		ld r24,Z
GAS LISTING /tmp/cc9zQTSy.s 			page 20


 1060 0892 B816      		cp r11,r24
 1061 0894 01F4      		brne .L128
 1062 0896 F901      		movw r30,r18
 1063 0898 3197      		sbiw r30,1
 1064               	.L111:
 1065 089a CF01      		movw r24,r30
 1066 089c 64E0      		ldi r22,lo8(4)
 1067 089e 70E0      		ldi r23,hi8(4)
 1068 08a0 0E94 0000 		call __divmodhi4
 1069 08a4 080F      		add r16,r24
 1070 08a6 191F      		adc r17,r25
 1071 08a8 F801      		movw r30,r16
 1072 08aa 8081      		ld r24,Z
 1073 08ac C816      		cp r12,r24
 1074 08ae 01F4      		brne .+2
 1075 08b0 00C0      		rjmp .L172
 1076               	.L107:
 1077 08b2 F7E0      		ldi r31,lo8(7)
 1078 08b4 9F16      		cp r9,r31
 1079 08b6 01F4      		brne .+2
 1080 08b8 00C0      		rjmp .L173
 1081               	.L113:
 1082 08ba 21E0      		ldi r18,lo8(1)
 1083 08bc 9216      		cp r9,r18
 1084 08be 01F4      		brne .+2
 1085 08c0 00C0      		rjmp .L174
 1086               	.L115:
 1087 08c2 87E0      		ldi r24,lo8(7)
 1088 08c4 D816      		cp r13,r24
 1089 08c6 01F4      		brne .+2
 1090 08c8 00C0      		rjmp .L175
 1091               	.L117:
 1092 08ca A1E0      		ldi r26,lo8(1)
 1093 08cc DA16      		cp r13,r26
 1094 08ce 01F4      		brne .L119
 1095 08d0 84E0      		ldi r24,lo8(4)
 1096 08d2 8093 0000 		sts knob2_hit_count.1824,r24
 1097 08d6 8091 0000 		lds r24,set_time_flag
 1098 08da 8823      		tst r24
 1099 08dc 01F0      		breq .L120
 1100 08de 8091 0000 		lds r24,time
 1101 08e2 9091 0000 		lds r25,(time)+1
 1102 08e6 A091 0000 		lds r26,(time)+2
 1103 08ea B091 0000 		lds r27,(time)+3
 1104 08ee 8051      		subi r24,lo8(-(-3600))
 1105 08f0 9E40      		sbci r25,hi8(-(-3600))
 1106 08f2 A040      		sbci r26,hlo8(-(-3600))
 1107 08f4 B040      		sbci r27,hhi8(-(-3600))
 1108 08f6 8093 0000 		sts time,r24
 1109 08fa 9093 0000 		sts (time)+1,r25
 1110 08fe A093 0000 		sts (time)+2,r26
 1111 0902 B093 0000 		sts (time)+3,r27
 1112               	.L120:
 1113 0906 8091 0000 		lds r24,set_alarm_flag
 1114 090a 8823      		tst r24
 1115 090c 01F0      		breq .L119
 1116 090e 8091 0000 		lds r24,alarm
GAS LISTING /tmp/cc9zQTSy.s 			page 21


 1117 0912 9091 0000 		lds r25,(alarm)+1
 1118 0916 A091 0000 		lds r26,(alarm)+2
 1119 091a B091 0000 		lds r27,(alarm)+3
 1120 091e 8051      		subi r24,lo8(-(-3600))
 1121 0920 9E40      		sbci r25,hi8(-(-3600))
 1122 0922 A040      		sbci r26,hlo8(-(-3600))
 1123 0924 B040      		sbci r27,hhi8(-(-3600))
 1124 0926 8093 0000 		sts alarm,r24
 1125 092a 9093 0000 		sts (alarm)+1,r25
 1126 092e A093 0000 		sts (alarm)+2,r26
 1127 0932 B093 0000 		sts (alarm)+3,r27
 1128               	.L119:
 1129 0936 A092 0000 		sts knob1_old.1817,r10
 1130 093a B092 0000 		sts knob2_old.1819,r11
 1131               	/* epilogue start */
 1132 093e 2896      		adiw r28,8
 1133 0940 DEBF      		out __SP_H__,r29
 1134 0942 CDBF      		out __SP_L__,r28
 1135 0944 CF91      		pop r28
 1136 0946 DF91      		pop r29
 1137 0948 FF91      		pop r31
 1138 094a EF91      		pop r30
 1139 094c BF91      		pop r27
 1140 094e AF91      		pop r26
 1141 0950 9F91      		pop r25
 1142 0952 8F91      		pop r24
 1143 0954 7F91      		pop r23
 1144 0956 6F91      		pop r22
 1145 0958 5F91      		pop r21
 1146 095a 4F91      		pop r20
 1147 095c 3F91      		pop r19
 1148 095e 2F91      		pop r18
 1149 0960 1F91      		pop r17
 1150 0962 0F91      		pop r16
 1151 0964 FF90      		pop r15
 1152 0966 EF90      		pop r14
 1153 0968 DF90      		pop r13
 1154 096a CF90      		pop r12
 1155 096c BF90      		pop r11
 1156 096e AF90      		pop r10
 1157 0970 9F90      		pop r9
 1158 0972 8F90      		pop r8
 1159 0974 0F90      		pop r0
 1160 0976 0BBE      		out 91-32,r0
 1161 0978 0F90      		pop r0
 1162 097a 0FBE      		out __SREG__,r0
 1163 097c 0F90      		pop r0
 1164 097e 1F90      		pop __zero_reg__
 1165 0980 1895      		reti
 1166               	.L69:
 1167 0982 81E0      		ldi r24,lo8(1)
 1168 0984 8093 0000 		sts colon_blink_flag,r24
 1169 0988 00C0      		rjmp .L70
 1170               	.L64:
 1171 098a 8355      		subi r24,lo8(851)
 1172 098c 9340      		sbci r25,hi8(851)
 1173 098e A040      		sbci r26,hlo8(851)
GAS LISTING /tmp/cc9zQTSy.s 			page 22


 1174 0990 B040      		sbci r27,hhi8(851)
 1175 0992 00F4      		brsh .+2
 1176 0994 00C0      		rjmp .L65
 1177 0996 82E5      		ldi r24,lo8(850)
 1178 0998 93E0      		ldi r25,hi8(850)
 1179 099a A0E0      		ldi r26,hlo8(850)
 1180 099c B0E0      		ldi r27,hhi8(850)
 1181 099e 8093 0000 		sts temp,r24
 1182 09a2 9093 0000 		sts (temp)+1,r25
 1183 09a6 A093 0000 		sts (temp)+2,r26
 1184 09aa B093 0000 		sts (temp)+3,r27
 1185 09ae 00C0      		rjmp .L65
 1186               	.L159:
 1187 09b0 11E0      		ldi r17,lo8(1)
 1188 09b2 1093 0000 		sts colon_blink_flag,r17
 1189 09b6 1092 0000 		sts (isr_count)+1,__zero_reg__
 1190 09ba 1092 0000 		sts isr_count,__zero_reg__
 1191 09be 8091 0000 		lds r24,time
 1192 09c2 9091 0000 		lds r25,(time)+1
 1193 09c6 A091 0000 		lds r26,(time)+2
 1194 09ca B091 0000 		lds r27,(time)+3
 1195 09ce 0196      		adiw r24,1
 1196 09d0 A11D      		adc r26,__zero_reg__
 1197 09d2 B11D      		adc r27,__zero_reg__
 1198 09d4 8093 0000 		sts time,r24
 1199 09d8 9093 0000 		sts (time)+1,r25
 1200 09dc A093 0000 		sts (time)+2,r26
 1201 09e0 B093 0000 		sts (time)+3,r27
 1202 09e4 8091 0000 		lds r24,snooze_timer
 1203 09e8 8823      		tst r24
 1204 09ea 01F0      		breq .+2
 1205 09ec 00C0      		rjmp .L147
 1206 09ee 80E0      		ldi r24,lo8(0)
 1207 09f0 90E0      		ldi r25,hi8(0)
 1208 09f2 00C0      		rjmp .L68
 1209               	.L150:
 1210 09f4 9090 0000 		lds r9,knob1_hit_count.1823
 1211 09f8 9A94      		dec r9
 1212 09fa 9092 0000 		sts knob1_hit_count.1823,r9
 1213 09fe 00C0      		rjmp .L104
 1214               	.L167:
 1215 0a00 40E0      		ldi r20,lo8(0)
 1216 0a02 9090 0000 		lds r9,knob1_hit_count.1823
 1217 0a06 C090 0000 		lds r12,knob2_old.1819
 1218 0a0a BC14      		cp r11,r12
 1219 0a0c 01F0      		breq .+2
 1220 0a0e 00C0      		rjmp .L151
 1221               	.L170:
 1222 0a10 D090 0000 		lds r13,knob2_hit_count.1824
 1223 0a14 F7E0      		ldi r31,lo8(7)
 1224 0a16 9F16      		cp r9,r31
 1225 0a18 01F0      		breq .+2
 1226 0a1a 00C0      		rjmp .L113
 1227               	.L173:
 1228 0a1c 84E0      		ldi r24,lo8(4)
 1229 0a1e 8093 0000 		sts knob1_hit_count.1823,r24
 1230 0a22 8091 0000 		lds r24,set_time_flag
GAS LISTING /tmp/cc9zQTSy.s 			page 23


 1231 0a26 8823      		tst r24
 1232 0a28 01F0      		breq .L114
 1233 0a2a 8091 0000 		lds r24,time
 1234 0a2e 9091 0000 		lds r25,(time)+1
 1235 0a32 A091 0000 		lds r26,(time)+2
 1236 0a36 B091 0000 		lds r27,(time)+3
 1237 0a3a CC96      		adiw r24,60
 1238 0a3c A11D      		adc r26,__zero_reg__
 1239 0a3e B11D      		adc r27,__zero_reg__
 1240 0a40 8093 0000 		sts time,r24
 1241 0a44 9093 0000 		sts (time)+1,r25
 1242 0a48 A093 0000 		sts (time)+2,r26
 1243 0a4c B093 0000 		sts (time)+3,r27
 1244               	.L114:
 1245 0a50 8091 0000 		lds r24,set_alarm_flag
 1246 0a54 8823      		tst r24
 1247 0a56 01F4      		brne .+2
 1248 0a58 00C0      		rjmp .L115
 1249 0a5a 8091 0000 		lds r24,alarm
 1250 0a5e 9091 0000 		lds r25,(alarm)+1
 1251 0a62 A091 0000 		lds r26,(alarm)+2
 1252 0a66 B091 0000 		lds r27,(alarm)+3
 1253 0a6a CC96      		adiw r24,60
 1254 0a6c A11D      		adc r26,__zero_reg__
 1255 0a6e B11D      		adc r27,__zero_reg__
 1256 0a70 8093 0000 		sts alarm,r24
 1257 0a74 9093 0000 		sts (alarm)+1,r25
 1258 0a78 A093 0000 		sts (alarm)+2,r26
 1259 0a7c B093 0000 		sts (alarm)+3,r27
 1260 0a80 87E0      		ldi r24,lo8(7)
 1261 0a82 D816      		cp r13,r24
 1262 0a84 01F0      		breq .+2
 1263 0a86 00C0      		rjmp .L117
 1264               	.L175:
 1265 0a88 84E0      		ldi r24,lo8(4)
 1266 0a8a 8093 0000 		sts knob2_hit_count.1824,r24
 1267 0a8e 8091 0000 		lds r24,set_time_flag
 1268 0a92 8823      		tst r24
 1269 0a94 01F0      		breq .L118
 1270 0a96 8091 0000 		lds r24,time
 1271 0a9a 9091 0000 		lds r25,(time)+1
 1272 0a9e A091 0000 		lds r26,(time)+2
 1273 0aa2 B091 0000 		lds r27,(time)+3
 1274 0aa6 805F      		subi r24,lo8(-(3600))
 1275 0aa8 914F      		sbci r25,hi8(-(3600))
 1276 0aaa AF4F      		sbci r26,hlo8(-(3600))
 1277 0aac BF4F      		sbci r27,hhi8(-(3600))
 1278 0aae 8093 0000 		sts time,r24
 1279 0ab2 9093 0000 		sts (time)+1,r25
 1280 0ab6 A093 0000 		sts (time)+2,r26
 1281 0aba B093 0000 		sts (time)+3,r27
 1282               	.L118:
 1283 0abe 8091 0000 		lds r24,set_alarm_flag
 1284 0ac2 8823      		tst r24
 1285 0ac4 01F4      		brne .+2
 1286 0ac6 00C0      		rjmp .L119
 1287 0ac8 8091 0000 		lds r24,alarm
GAS LISTING /tmp/cc9zQTSy.s 			page 24


 1288 0acc 9091 0000 		lds r25,(alarm)+1
 1289 0ad0 A091 0000 		lds r26,(alarm)+2
 1290 0ad4 B091 0000 		lds r27,(alarm)+3
 1291 0ad8 805F      		subi r24,lo8(-(3600))
 1292 0ada 914F      		sbci r25,hi8(-(3600))
 1293 0adc AF4F      		sbci r26,hlo8(-(3600))
 1294 0ade BF4F      		sbci r27,hhi8(-(3600))
 1295 0ae0 8093 0000 		sts alarm,r24
 1296 0ae4 9093 0000 		sts (alarm)+1,r25
 1297 0ae8 A093 0000 		sts (alarm)+2,r26
 1298 0aec B093 0000 		sts (alarm)+3,r27
 1299 0af0 00C0      		rjmp .L119
 1300               	.L166:
 1301 0af2 8091 0000 		lds r24,time_mode
 1302 0af6 8823      		tst r24
 1303 0af8 01F0      		breq .L176
 1304 0afa 1092 0000 		sts time_mode,__zero_reg__
 1305 0afe 9091 0000 		lds r25,bar
 1306 0b02 9E7F      		andi r25,lo8(-2)
 1307 0b04 9093 0000 		sts bar,r25
 1308               	.L97:
 1309 0b08 8091 0000 		lds r24,spi_open
 1310 0b0c 8823      		tst r24
 1311 0b0e 01F4      		brne .+2
 1312 0b10 00C0      		rjmp .L95
 1313 0b12 88B3      		in r24,56-32
 1314 0b14 8066      		ori r24,lo8(96)
 1315 0b16 88BB      		out 56-32,r24
 1316 0b18 C498      		cbi 56-32,4
 1317 0b1a 9FB9      		out 47-32,r25
 1318               	.L98:
 1319 0b1c 779B      		sbis 46-32,7
 1320 0b1e 00C0      		rjmp .L98
 1321 0b20 88B3      		in r24,56-32
 1322 0b22 8F78      		andi r24,lo8(-113)
 1323 0b24 88BB      		out 56-32,r24
 1324 0b26 81E0      		ldi r24,lo8(1)
 1325 0b28 8093 0000 		sts spi_open,r24
 1326 0b2c 00C0      		rjmp .L95
 1327               	.L176:
 1328 0b2e 81E0      		ldi r24,lo8(1)
 1329 0b30 8093 0000 		sts time_mode,r24
 1330 0b34 9091 0000 		lds r25,bar
 1331 0b38 9160      		ori r25,lo8(1)
 1332 0b3a 9093 0000 		sts bar,r25
 1333 0b3e 00C0      		rjmp .L97
 1334               	.L161:
 1335 0b40 8091 0000 		lds r24,set_alarm_flag
 1336 0b44 8823      		tst r24
 1337 0b46 01F0      		breq .+2
 1338 0b48 00C0      		rjmp .L77
 1339 0b4a 8091 0000 		lds r24,display_adc_flag
 1340 0b4e 8823      		tst r24
 1341 0b50 01F0      		breq .+2
 1342 0b52 00C0      		rjmp .L77
 1343 0b54 8091 0000 		lds r24,set_time_flag
 1344 0b58 8823      		tst r24
GAS LISTING /tmp/cc9zQTSy.s 			page 25


 1345 0b5a 01F0      		breq .+2
 1346 0b5c 00C0      		rjmp .L78
 1347 0b5e 81E0      		ldi r24,lo8(1)
 1348 0b60 8093 0000 		sts set_time_flag,r24
 1349 0b64 9091 0000 		lds r25,bar
 1350 0b68 9064      		ori r25,lo8(64)
 1351 0b6a 9093 0000 		sts bar,r25
 1352 0b6e A0E0      		ldi r26,lo8(lcd_line1)
 1353 0b70 B0E0      		ldi r27,hi8(lcd_line1)
 1354 0b72 E0E0      		ldi r30,lo8(.LC2)
 1355 0b74 F0E0      		ldi r31,hi8(.LC2)
 1356 0b76 80E1      		ldi r24,lo8(16)
 1357               	.L79:
 1358 0b78 0190      		ld r0,Z+
 1359 0b7a 0D92      		st X+,r0
 1360 0b7c 8150      		subi r24,lo8(-(-1))
 1361 0b7e 01F4      		brne .L79
 1362               	.L155:
 1363 0b80 81E0      		ldi r24,lo8(1)
 1364 0b82 8093 0000 		sts lcd_line1_write_flag,r24
 1365 0b86 8091 0000 		lds r24,spi_open
 1366 0b8a 8823      		tst r24
 1367 0b8c 01F4      		brne .+2
 1368 0b8e 00C0      		rjmp .L77
 1369 0b90 1092 0000 		sts spi_open,__zero_reg__
 1370 0b94 88B3      		in r24,56-32
 1371 0b96 8066      		ori r24,lo8(96)
 1372 0b98 88BB      		out 56-32,r24
 1373 0b9a C498      		cbi 56-32,4
 1374 0b9c 9FB9      		out 47-32,r25
 1375               	.L82:
 1376 0b9e 779B      		sbis 46-32,7
 1377 0ba0 00C0      		rjmp .L82
 1378 0ba2 88B3      		in r24,56-32
 1379 0ba4 8F78      		andi r24,lo8(-113)
 1380 0ba6 88BB      		out 56-32,r24
 1381 0ba8 81E0      		ldi r24,lo8(1)
 1382 0baa 8093 0000 		sts spi_open,r24
 1383 0bae 00C0      		rjmp .L77
 1384               	.L160:
 1385 0bb0 8091 0000 		lds r24,set_time_flag
 1386 0bb4 8823      		tst r24
 1387 0bb6 01F0      		breq .+2
 1388 0bb8 00C0      		rjmp .L71
 1389 0bba 8091 0000 		lds r24,display_adc_flag
 1390 0bbe 8823      		tst r24
 1391 0bc0 01F0      		breq .+2
 1392 0bc2 00C0      		rjmp .L71
 1393 0bc4 4423      		tst r20
 1394 0bc6 01F0      		breq .+2
 1395 0bc8 00C0      		rjmp .L72
 1396 0bca 81E0      		ldi r24,lo8(1)
 1397 0bcc 8093 0000 		sts set_alarm_flag,r24
 1398 0bd0 9091 0000 		lds r25,bar
 1399 0bd4 9068      		ori r25,lo8(-128)
 1400 0bd6 9093 0000 		sts bar,r25
 1401 0bda A0E0      		ldi r26,lo8(lcd_line1)
GAS LISTING /tmp/cc9zQTSy.s 			page 26


 1402 0bdc B0E0      		ldi r27,hi8(lcd_line1)
 1403 0bde E0E0      		ldi r30,lo8(.LC0)
 1404 0be0 F0E0      		ldi r31,hi8(.LC0)
 1405 0be2 80E1      		ldi r24,lo8(16)
 1406               	.L73:
 1407 0be4 0190      		ld r0,Z+
 1408 0be6 0D92      		st X+,r0
 1409 0be8 8150      		subi r24,lo8(-(-1))
 1410 0bea 01F4      		brne .L73
 1411               	.L154:
 1412 0bec 81E0      		ldi r24,lo8(1)
 1413 0bee 8093 0000 		sts lcd_line1_write_flag,r24
 1414 0bf2 8091 0000 		lds r24,spi_open
 1415 0bf6 8823      		tst r24
 1416 0bf8 01F4      		brne .+2
 1417 0bfa 00C0      		rjmp .L71
 1418 0bfc 1092 0000 		sts spi_open,__zero_reg__
 1419 0c00 88B3      		in r24,56-32
 1420 0c02 8066      		ori r24,lo8(96)
 1421 0c04 88BB      		out 56-32,r24
 1422 0c06 C498      		cbi 56-32,4
 1423 0c08 9FB9      		out 47-32,r25
 1424               	.L76:
 1425 0c0a 779B      		sbis 46-32,7
 1426 0c0c 00C0      		rjmp .L76
 1427 0c0e 88B3      		in r24,56-32
 1428 0c10 8F78      		andi r24,lo8(-113)
 1429 0c12 88BB      		out 56-32,r24
 1430 0c14 81E0      		ldi r24,lo8(1)
 1431 0c16 8093 0000 		sts spi_open,r24
 1432 0c1a 00C0      		rjmp .L71
 1433               	.L174:
 1434 0c1c 84E0      		ldi r24,lo8(4)
 1435 0c1e 8093 0000 		sts knob1_hit_count.1823,r24
 1436 0c22 8091 0000 		lds r24,set_time_flag
 1437 0c26 8823      		tst r24
 1438 0c28 01F0      		breq .L116
 1439 0c2a 8091 0000 		lds r24,time
 1440 0c2e 9091 0000 		lds r25,(time)+1
 1441 0c32 A091 0000 		lds r26,(time)+2
 1442 0c36 B091 0000 		lds r27,(time)+3
 1443 0c3a CC97      		sbiw r24,60
 1444 0c3c A109      		sbc r26,__zero_reg__
 1445 0c3e B109      		sbc r27,__zero_reg__
 1446 0c40 8093 0000 		sts time,r24
 1447 0c44 9093 0000 		sts (time)+1,r25
 1448 0c48 A093 0000 		sts (time)+2,r26
 1449 0c4c B093 0000 		sts (time)+3,r27
 1450               	.L116:
 1451 0c50 8091 0000 		lds r24,set_alarm_flag
 1452 0c54 8823      		tst r24
 1453 0c56 01F4      		brne .+2
 1454 0c58 00C0      		rjmp .L115
 1455 0c5a 8091 0000 		lds r24,alarm
 1456 0c5e 9091 0000 		lds r25,(alarm)+1
 1457 0c62 A091 0000 		lds r26,(alarm)+2
 1458 0c66 B091 0000 		lds r27,(alarm)+3
GAS LISTING /tmp/cc9zQTSy.s 			page 27


 1459 0c6a CC97      		sbiw r24,60
 1460 0c6c A109      		sbc r26,__zero_reg__
 1461 0c6e B109      		sbc r27,__zero_reg__
 1462 0c70 8093 0000 		sts alarm,r24
 1463 0c74 9093 0000 		sts (alarm)+1,r25
 1464 0c78 A093 0000 		sts (alarm)+2,r26
 1465 0c7c B093 0000 		sts (alarm)+3,r27
 1466 0c80 00C0      		rjmp .L115
 1467               	.L158:
 1468 0c82 1092 0000 		sts colon_blink_flag,__zero_reg__
 1469 0c86 00C0      		rjmp .L68
 1470               	.L165:
 1471 0c88 8091 0000 		lds r24,set_time_flag
 1472 0c8c 8823      		tst r24
 1473 0c8e 01F0      		breq .+2
 1474 0c90 00C0      		rjmp .L91
 1475 0c92 8091 0000 		lds r24,set_alarm_flag
 1476 0c96 8823      		tst r24
 1477 0c98 01F0      		breq .+2
 1478 0c9a 00C0      		rjmp .L91
 1479 0c9c 8091 0000 		lds r24,display_adc_flag
 1480 0ca0 8823      		tst r24
 1481 0ca2 01F0      		breq .+2
 1482 0ca4 00C0      		rjmp .L92
 1483 0ca6 81E0      		ldi r24,lo8(1)
 1484 0ca8 8093 0000 		sts display_adc_flag,r24
 1485 0cac A0E0      		ldi r26,lo8(lcd_line1)
 1486 0cae B0E0      		ldi r27,hi8(lcd_line1)
 1487 0cb0 E0E0      		ldi r30,lo8(.LC6)
 1488 0cb2 F0E0      		ldi r31,hi8(.LC6)
 1489 0cb4 80E1      		ldi r24,lo8(16)
 1490               	.L93:
 1491 0cb6 0190      		ld r0,Z+
 1492 0cb8 0D92      		st X+,r0
 1493 0cba 8150      		subi r24,lo8(-(-1))
 1494 0cbc 01F4      		brne .L93
 1495               	.L156:
 1496 0cbe 81E0      		ldi r24,lo8(1)
 1497 0cc0 8093 0000 		sts lcd_line1_write_flag,r24
 1498 0cc4 00C0      		rjmp .L91
 1499               	.L164:
 1500 0cc6 8091 0000 		lds r24,alarm_playing_flag
 1501 0cca 8823      		tst r24
 1502 0ccc 01F4      		brne .+2
 1503 0cce 00C0      		rjmp .L89
 1504 0cd0 8091 0000 		lds r24,alarm_armed_flag
 1505 0cd4 8823      		tst r24
 1506 0cd6 01F4      		brne .+2
 1507 0cd8 00C0      		rjmp .L89
 1508 0cda 8AE0      		ldi r24,lo8(10)
 1509 0cdc 8093 0000 		sts snooze_timer,r24
 1510 0ce0 A0E0      		ldi r26,lo8(lcd_line2)
 1511 0ce2 B0E0      		ldi r27,hi8(lcd_line2)
 1512 0ce4 E0E0      		ldi r30,lo8(.LC5)
 1513 0ce6 F0E0      		ldi r31,hi8(.LC5)
 1514 0ce8 80E1      		ldi r24,lo8(16)
 1515               	.L90:
GAS LISTING /tmp/cc9zQTSy.s 			page 28


 1516 0cea 0190      		ld r0,Z+
 1517 0cec 0D92      		st X+,r0
 1518 0cee 8150      		subi r24,lo8(-(-1))
 1519 0cf0 01F4      		brne .L90
 1520 0cf2 81E0      		ldi r24,lo8(1)
 1521 0cf4 8093 0000 		sts lcd_line2_write_flag,r24
 1522 0cf8 00C0      		rjmp .L89
 1523               	.L163:
 1524 0cfa 8091 0000 		lds r24,alarm_armed_flag
 1525 0cfe 8823      		tst r24
 1526 0d00 01F4      		brne .L86
 1527 0d02 81E0      		ldi r24,lo8(1)
 1528 0d04 8093 0000 		sts alarm_armed_flag,r24
 1529 0d08 A0E0      		ldi r26,lo8(lcd_line2)
 1530 0d0a B0E0      		ldi r27,hi8(lcd_line2)
 1531 0d0c E0E0      		ldi r30,lo8(.LC3)
 1532 0d0e F0E0      		ldi r31,hi8(.LC3)
 1533 0d10 80E1      		ldi r24,lo8(16)
 1534               	.L87:
 1535 0d12 0190      		ld r0,Z+
 1536 0d14 0D92      		st X+,r0
 1537 0d16 8150      		subi r24,lo8(-(-1))
 1538 0d18 01F4      		brne .L87
 1539 0d1a 81E0      		ldi r24,lo8(1)
 1540 0d1c 8093 0000 		sts lcd_line2_write_flag,r24
 1541 0d20 00C0      		rjmp .L85
 1542               	.L86:
 1543 0d22 1092 0000 		sts alarm_armed_flag,__zero_reg__
 1544 0d26 A0E0      		ldi r26,lo8(lcd_line2)
 1545 0d28 B0E0      		ldi r27,hi8(lcd_line2)
 1546 0d2a E0E0      		ldi r30,lo8(.LC4)
 1547 0d2c F0E0      		ldi r31,hi8(.LC4)
 1548 0d2e 80E1      		ldi r24,lo8(16)
 1549               	.L88:
 1550 0d30 0190      		ld r0,Z+
 1551 0d32 0D92      		st X+,r0
 1552 0d34 8150      		subi r24,lo8(-(-1))
 1553 0d36 01F4      		brne .L88
 1554 0d38 81E0      		ldi r24,lo8(1)
 1555 0d3a 8093 0000 		sts lcd_line2_write_flag,r24
 1556 0d3e 0E94 0000 		call music_off
 1557 0d42 00C0      		rjmp .L85
 1558               	.L162:
 1559 0d44 8091 0000 		lds r24,music_playing_flag
 1560 0d48 8823      		tst r24
 1561 0d4a 01F0      		breq .L84
 1562 0d4c 0E94 0000 		call music_off
 1563 0d50 1092 0000 		sts music_playing_flag,__zero_reg__
 1564 0d54 00C0      		rjmp .L83
 1565               	.L84:
 1566 0d56 0E94 0000 		call music_on
 1567 0d5a 81E0      		ldi r24,lo8(1)
 1568 0d5c 8093 0000 		sts music_playing_flag,r24
 1569 0d60 00C0      		rjmp .L83
 1570               	.L169:
 1571 0d62 9394      		inc r9
 1572 0d64 9092 0000 		sts knob1_hit_count.1823,r9
GAS LISTING /tmp/cc9zQTSy.s 			page 29


 1573 0d68 00C0      		rjmp .L100
 1574               	.L152:
 1575 0d6a D090 0000 		lds r13,knob2_hit_count.1824
 1576 0d6e DA94      		dec r13
 1577 0d70 D092 0000 		sts knob2_hit_count.1824,r13
 1578 0d74 00C0      		rjmp .L110
 1579               	.L172:
 1580 0d76 D394      		inc r13
 1581 0d78 D092 0000 		sts knob2_hit_count.1824,r13
 1582 0d7c 00C0      		rjmp .L107
 1583               	.L147:
 1584 0d7e 0E94 0000 		call music_off
 1585 0d82 8091 0000 		lds r24,snooze_timer
 1586 0d86 8150      		subi r24,lo8(-(-1))
 1587 0d88 8093 0000 		sts snooze_timer,r24
 1588 0d8c 8823      		tst r24
 1589 0d8e 01F4      		brne .L153
 1590 0d90 8091 0000 		lds r24,alarm_armed_flag
 1591 0d94 8823      		tst r24
 1592 0d96 01F0      		breq .L153
 1593 0d98 0E94 0000 		call music_on
 1594 0d9c 1093 0000 		sts alarm_playing_flag,r17
 1595               	.L153:
 1596 0da0 8091 0000 		lds r24,isr_count
 1597 0da4 9091 0000 		lds r25,(isr_count)+1
 1598 0da8 00C0      		rjmp .L68
 1599               	.L72:
 1600 0daa 1092 0000 		sts set_alarm_flag,__zero_reg__
 1601 0dae 9091 0000 		lds r25,bar
 1602 0db2 9F77      		andi r25,lo8(127)
 1603 0db4 9093 0000 		sts bar,r25
 1604 0db8 A0E0      		ldi r26,lo8(lcd_line1)
 1605 0dba B0E0      		ldi r27,hi8(lcd_line1)
 1606 0dbc E0E0      		ldi r30,lo8(.LC1)
 1607 0dbe F0E0      		ldi r31,hi8(.LC1)
 1608 0dc0 80E1      		ldi r24,lo8(16)
 1609               	.L75:
 1610 0dc2 0190      		ld r0,Z+
 1611 0dc4 0D92      		st X+,r0
 1612 0dc6 8150      		subi r24,lo8(-(-1))
 1613 0dc8 01F4      		brne .L75
 1614 0dca 00C0      		rjmp .L154
 1615               	.L78:
 1616 0dcc 1092 0000 		sts set_time_flag,__zero_reg__
 1617 0dd0 9091 0000 		lds r25,bar
 1618 0dd4 9F7B      		andi r25,lo8(-65)
 1619 0dd6 9093 0000 		sts bar,r25
 1620 0dda A0E0      		ldi r26,lo8(lcd_line1)
 1621 0ddc B0E0      		ldi r27,hi8(lcd_line1)
 1622 0dde E0E0      		ldi r30,lo8(.LC1)
 1623 0de0 F0E0      		ldi r31,hi8(.LC1)
 1624 0de2 80E1      		ldi r24,lo8(16)
 1625               	.L81:
 1626 0de4 0190      		ld r0,Z+
 1627 0de6 0D92      		st X+,r0
 1628 0de8 8150      		subi r24,lo8(-(-1))
 1629 0dea 01F4      		brne .L81
GAS LISTING /tmp/cc9zQTSy.s 			page 30


 1630 0dec 00C0      		rjmp .L155
 1631               	.L92:
 1632 0dee 1092 0000 		sts display_adc_flag,__zero_reg__
 1633 0df2 A0E0      		ldi r26,lo8(lcd_line1)
 1634 0df4 B0E0      		ldi r27,hi8(lcd_line1)
 1635 0df6 E0E0      		ldi r30,lo8(.LC1)
 1636 0df8 F0E0      		ldi r31,hi8(.LC1)
 1637 0dfa 80E1      		ldi r24,lo8(16)
 1638               	.L94:
 1639 0dfc 0190      		ld r0,Z+
 1640 0dfe 0D92      		st X+,r0
 1641 0e00 8150      		subi r24,lo8(-(-1))
 1642 0e02 01F4      		brne .L94
 1643 0e04 00C0      		rjmp .L156
 1644               	.L168:
 1645 0e06 40E0      		ldi r20,lo8(0)
 1646 0e08 EFEF      		ldi r30,lo8(-1)
 1647 0e0a FFEF      		ldi r31,hi8(-1)
 1648 0e0c EE24      		clr r14
 1649 0e0e FF24      		clr r15
 1650 0e10 CC24      		clr r12
 1651 0e12 DD24      		clr r13
 1652 0e14 8E01      		movw r16,r28
 1653 0e16 0F5F      		subi r16,lo8(-(1))
 1654 0e18 1F4F      		sbci r17,hi8(-(1))
 1655 0e1a 00C0      		rjmp .L102
 1656               		.size	__vector_16, .-__vector_16
 1657               	.global	count
 1658               	.global	count
 1659               		.section .bss
 1660               		.type	count, @object
 1661               		.size	count, 2
 1662               	count:
 1663 0000 0000      		.skip 2,0
 1664               	.global	mode
 1665               		.data
 1666               		.type	mode, @object
 1667               		.size	mode, 1
 1668               	mode:
 1669 006d 01        		.byte	1
 1670               	.global	isr_count
 1671               	.global	isr_count
 1672               		.section .bss
 1673               		.type	isr_count, @object
 1674               		.size	isr_count, 2
 1675               	isr_count:
 1676 0002 0000      		.skip 2,0
 1677               	.global	ms
 1678               	.global	ms
 1679               		.type	ms, @object
 1680               		.size	ms, 2
 1681               	ms:
 1682 0004 0000      		.skip 2,0
 1683               		.lcomm set_time_flag,1
 1684               		.lcomm set_alarm_flag,1
 1685               		.lcomm time_mode,1
 1686               		.data
GAS LISTING /tmp/cc9zQTSy.s 			page 31


 1687               		.type	time, @object
 1688               		.size	time, 4
 1689               	time:
 1690 006e 06        		.byte	6
 1691 006f 0E        		.byte	14
 1692 0070 00        		.byte	0
 1693 0071 00        		.byte	0
 1694               		.type	alarm, @object
 1695               		.size	alarm, 4
 1696               	alarm:
 1697 0072 10        		.byte	16
 1698 0073 0E        		.byte	14
 1699 0074 00        		.byte	0
 1700 0075 00        		.byte	0
 1701               		.lcomm display_adc_flag,1
 1702               		.lcomm alarm_armed_flag,1
 1703               		.lcomm alarm_playing_flag,1
 1704               		.lcomm lcd_line1_write_flag,1
 1705               		.lcomm lcd_line2_write_flag,1
 1706               		.type	lcd_line2, @object
 1707               		.size	lcd_line2, 16
 1708               	lcd_line2:
 1709 0076 5468 6973 		.string	"This is line 2"
 1709      2069 7320 
 1709      6C69 6E65 
 1709      2032 00
 1710 0085 00        		.skip 1,0
 1711               		.type	colon_blink_flag, @object
 1712               		.size	colon_blink_flag, 1
 1713               	colon_blink_flag:
 1714 0086 01        		.byte	1
 1715               		.lcomm snooze_timer,1
 1716               		.lcomm bar,1
 1717               		.lcomm music_playing_flag,1
 1718               		.type	knob2_hit_count.1824, @object
 1719               		.size	knob2_hit_count.1824, 1
 1720               	knob2_hit_count.1824:
 1721 0087 04        		.byte	4
 1722               		.type	knob1_hit_count.1823, @object
 1723               		.size	knob1_hit_count.1823, 1
 1724               	knob1_hit_count.1823:
 1725 0088 04        		.byte	4
 1726               		.lcomm data.1820,1
 1727               		.lcomm knob2_old.1819,1
 1728               		.lcomm knob2_state.1818,1
 1729               		.lcomm knob1_old.1817,1
 1730               		.lcomm knob1_state.1816,1
 1731               		.type	spi_open, @object
 1732               		.size	spi_open, 1
 1733               	spi_open:
 1734 0089 01        		.byte	1
 1735               		.lcomm state.1760,16
 1736               		.lcomm segment_data,5
 1737               		.lcomm lcd_line1,16
 1738               		.lcomm adc_output,4
 1739               		.lcomm temp,4
 1740               		.comm beat,2,1
GAS LISTING /tmp/cc9zQTSy.s 			page 32


 1741               		.comm max_beat,2,1
 1742               		.comm notes,1,1
 1743               		.comm song,1,1
 1744               		.comm sum,2,1
GAS LISTING /tmp/cc9zQTSy.s 			page 33


DEFINED SYMBOLS
                            *ABS*:00000000 lab4.c
     /tmp/cc9zQTSy.s:2      *ABS*:0000003f __SREG__
     /tmp/cc9zQTSy.s:3      *ABS*:0000003e __SP_H__
     /tmp/cc9zQTSy.s:4      *ABS*:0000003d __SP_L__
     /tmp/cc9zQTSy.s:5      *ABS*:00000034 __CCP__
     /tmp/cc9zQTSy.s:6      *ABS*:00000000 __tmp_reg__
     /tmp/cc9zQTSy.s:7      *ABS*:00000001 __zero_reg__
     /tmp/cc9zQTSy.s:13     .text:00000000 tcnt0_init
     /tmp/cc9zQTSy.s:30     .text:00000014 tcnt2_init
     /tmp/cc9zQTSy.s:42     .text:0000001e spi_init
     /tmp/cc9zQTSy.s:54     .text:00000028 adc_init
     /tmp/cc9zQTSy.s:67     .text:00000034 segsum
     /tmp/cc9zQTSy.s:1684   .bss:00000008 time_mode
     /tmp/cc9zQTSy.s:1713   .data:00000086 colon_blink_flag
     /tmp/cc9zQTSy.s:1735   .bss:00000026 segment_data
     /tmp/cc9zQTSy.s:135    .text:000000d0 chk_buttons
     /tmp/cc9zQTSy.s:1730   .bss:00000016 state.1760
     /tmp/cc9zQTSy.s:173    .text:0000010e setBar
     /tmp/cc9zQTSy.s:1733   .data:00000089 spi_open
     /tmp/cc9zQTSy.s:198    .text:00000134 sec2mil
     /tmp/cc9zQTSy.s:246    .text:0000018e sec2hr
     /tmp/cc9zQTSy.s:294    .text:000001e8 __vector_9
     /tmp/cc9zQTSy.s:311    .text:000001fc main
                            *COM*:00000002 sum
     /tmp/cc9zQTSy.s:1681   .bss:00000004 ms
                            *COM*:00000002 beat
     /tmp/cc9zQTSy.s:1662   .bss:00000000 count
     /tmp/cc9zQTSy.s:1689   .data:0000006e time
     /tmp/cc9zQTSy.s:1696   .data:00000072 alarm
     /tmp/cc9zQTSy.s:1703   .bss:0000000c lcd_line1_write_flag
     /tmp/cc9zQTSy.s:1704   .bss:0000000d lcd_line2_write_flag
                             .bss:00000006 set_time_flag
     /tmp/cc9zQTSy.s:1683   .bss:00000007 set_alarm_flag
     /tmp/cc9zQTSy.s:1685   .bss:00000009 display_adc_flag
     /tmp/cc9zQTSy.s:1701   .bss:0000000a alarm_armed_flag
     /tmp/cc9zQTSy.s:1738   .bss:0000003f temp
     /tmp/cc9zQTSy.s:1708   .data:00000076 lcd_line2
     /tmp/cc9zQTSy.s:1736   .bss:0000002b lcd_line1
     /tmp/cc9zQTSy.s:1702   .bss:0000000b alarm_playing_flag
     /tmp/cc9zQTSy.s:594    .text:0000049a __vector_16
     /tmp/cc9zQTSy.s:1737   .bss:0000003b adc_output
     /tmp/cc9zQTSy.s:1675   .bss:00000002 isr_count
     /tmp/cc9zQTSy.s:1717   .bss:00000011 data.1820
     /tmp/cc9zQTSy.s:1729   .bss:00000015 knob1_state.1816
     /tmp/cc9zQTSy.s:1727   .bss:00000013 knob2_state.1818
     /tmp/cc9zQTSy.s:1728   .bss:00000014 knob1_old.1817
     /tmp/cc9zQTSy.s:1724   .data:00000088 knob1_hit_count.1823
     /tmp/cc9zQTSy.s:1726   .bss:00000012 knob2_old.1819
     /tmp/cc9zQTSy.s:1720   .data:00000087 knob2_hit_count.1824
     /tmp/cc9zQTSy.s:1705   .bss:0000000e snooze_timer
     /tmp/cc9zQTSy.s:1715   .bss:0000000f bar
     /tmp/cc9zQTSy.s:1716   .bss:00000010 music_playing_flag
     /tmp/cc9zQTSy.s:1668   .data:0000006d mode
                            *COM*:00000002 max_beat
                            *COM*:00000001 notes
                            *COM*:00000001 song
GAS LISTING /tmp/cc9zQTSy.s 			page 34



UNDEFINED SYMBOLS
__do_copy_data
__do_clear_bss
__udivmodhi4
__divmodsi4
music_init
lcd_init
LED_convert
clear_display
home_line2
string2lcd
cursor_home
music_on
__udivmodsi4
__divmodhi4
music_off
