GAS LISTING /tmp/cchY5Hfb.s 			page 1


   1               		.file	"twi.c"
   2               	__SREG__ = 0x3f
   3               	__SP_H__ = 0x3e
   4               	__SP_L__ = 0x3d
   5               	__CCP__  = 0x34
   6               	__tmp_reg__ = 0
   7               	__zero_reg__ = 1
   8               		.global __do_copy_data
   9               		.global __do_clear_bss
  10               		.data
  11               	.LC0:
  12 0000 4552 524F 		.string	"ERROR1"
  12      5231 00
  13               	.LC1:
  14 0007 4552 524F 		.string	"ERROR2"
  14      5232 00
  15               		.text
  16               	.global	rd_temp
  17               		.type	rd_temp, @function
  18               	rd_temp:
  19               	/* prologue: function */
  20               	/* frame size = 0 */
  21 0000 84EA      		ldi r24,lo8(-92)
  22 0002 8093 7400 		sts 116,r24
  23               	.L2:
  24 0006 8091 7400 		lds r24,116
  25 000a 87FF      		sbrs r24,7
  26 000c 00C0      		rjmp .L2
  27 000e 8091 7100 		lds r24,113
  28 0012 887F      		andi r24,lo8(-8)
  29 0014 8830      		cpi r24,lo8(8)
  30 0016 01F0      		breq .L3
  31 0018 80E0      		ldi r24,lo8(.LC0)
  32 001a 90E0      		ldi r25,hi8(.LC0)
  33 001c 0E94 0000 		call string2lcd
  34               	.L3:
  35 0020 81E9      		ldi r24,lo8(-111)
  36 0022 8093 7300 		sts 115,r24
  37 0026 84E8      		ldi r24,lo8(-124)
  38 0028 8093 7400 		sts 116,r24
  39               	.L4:
  40 002c 8091 7400 		lds r24,116
  41 0030 87FF      		sbrs r24,7
  42 0032 00C0      		rjmp .L4
  43 0034 8091 7100 		lds r24,113
  44 0038 887F      		andi r24,lo8(-8)
  45 003a 8034      		cpi r24,lo8(64)
  46 003c 01F0      		breq .L5
  47 003e 80E0      		ldi r24,lo8(.LC1)
  48 0040 90E0      		ldi r25,hi8(.LC1)
  49 0042 0E94 0000 		call string2lcd
  50               	.L5:
  51 0046 84EC      		ldi r24,lo8(-60)
  52 0048 8093 7400 		sts 116,r24
  53               	.L6:
  54 004c 8091 7400 		lds r24,116
  55 0050 87FF      		sbrs r24,7
GAS LISTING /tmp/cchY5Hfb.s 			page 2


  56 0052 00C0      		rjmp .L6
  57 0054 4091 7300 		lds r20,115
  58 0058 8091 7100 		lds r24,113
  59 005c 84EC      		ldi r24,lo8(-60)
  60 005e 8093 7400 		sts 116,r24
  61               	.L7:
  62 0062 8091 7400 		lds r24,116
  63 0066 87FF      		sbrs r24,7
  64 0068 00C0      		rjmp .L7
  65 006a 9091 7300 		lds r25,115
  66 006e 8091 7100 		lds r24,113
  67 0072 84E9      		ldi r24,lo8(-108)
  68 0074 8093 7400 		sts 116,r24
  69 0078 342F      		mov r19,r20
  70 007a 20E0      		ldi r18,lo8(0)
  71 007c 290F      		add r18,r25
  72 007e 311D      		adc r19,__zero_reg__
  73 0080 3595      		asr r19
  74 0082 2795      		ror r18
  75 0084 3595      		asr r19
  76 0086 2795      		ror r18
  77 0088 3595      		asr r19
  78 008a 2795      		ror r18
  79 008c 3595      		asr r19
  80 008e 2795      		ror r18
  81 0090 3595      		asr r19
  82 0092 2795      		ror r18
  83 0094 C901      		movw r24,r18
  84               	/* epilogue start */
  85 0096 0895      		ret
  86               		.size	rd_temp, .-rd_temp
GAS LISTING /tmp/cchY5Hfb.s 			page 3


DEFINED SYMBOLS
                            *ABS*:00000000 twi.c
     /tmp/cchY5Hfb.s:2      *ABS*:0000003f __SREG__
     /tmp/cchY5Hfb.s:3      *ABS*:0000003e __SP_H__
     /tmp/cchY5Hfb.s:4      *ABS*:0000003d __SP_L__
     /tmp/cchY5Hfb.s:5      *ABS*:00000034 __CCP__
     /tmp/cchY5Hfb.s:6      *ABS*:00000000 __tmp_reg__
     /tmp/cchY5Hfb.s:7      *ABS*:00000001 __zero_reg__
     /tmp/cchY5Hfb.s:18     .text:00000000 rd_temp

UNDEFINED SYMBOLS
__do_copy_data
__do_clear_bss
string2lcd
